<?xml version="1.0" encoding="UTF-8"?>
<testsuite xmlns:xsi="http://www.w3.org/2001/XMLSchema-instance" xsi:noNamespaceSchemaLocation="https://maven.apache.org/surefire/maven-surefire-plugin/xsd/surefire-test-report.xsd" name="dev.serverest.tests.CadastroBasicoTest" time="6.487" tests="2" errors="0" skipped="0" failures="0">
  <properties>
[...]
</properties>
  <testcase name="cadastroDeUsuarioTest" classname="dev.serverest.tests.CadastroBasicoTest" time="5.901"/>
  <testcase name="cadastroDeUsuarioMessageEmailTest" classname="dev.serverest.tests.CadastroBasicoTest" time="0.181"/>
</testsuite>